<?xml version="1.0" encoding="UTF-8"?>
<testsuite xmlns:xsi="http://www.w3.org/2001/XMLSchema-instance" xsi:noNamespaceSchemaLocation="https://maven.apache.org/surefire/maven-surefire-plugin/xsd/surefire-test-report.xsd" name="com.lb.StudentSystemApplicationTests" time="15.567" tests="13" errors="0" skipped="0" failures="0">
  <properties>
    <property name="sun.desktop" value="windows"/>
    <property name="awt.toolkit" value="sun.awt.windows.WToolkit"/>
    <property name="file.encoding.pkg" value="sun.io"/>
    <property name="java.specification.version" value="1.8"/>
    <property name="sun.cpu.isalist" value="amd64"/>
    <property name="sun.jnu.encoding" value="GBK"/>
    <property name="java.class.path" value="F:\networkStudy\毕业设计\student_system\target\test-classes;F:\networkStudy\毕业设计\student_system\target\classes;E:\SoftwareInstall\java\Meavn\maven_repository\org\springframework\boot\spring-boot-starter-web\2.4.1\spring-boot-starter-web-2.4.1.jar;E:\SoftwareInstall\java\Meavn\maven_repository\org\springframework\boot\spring-boot-starter\2.4.1\spring-boot-starter-2.4.1.jar;E:\SoftwareInstall\java\Meavn\maven_repository\org\springframework\boot\spring-boot-starter-logging\2.4.1\spring-boot-starter-logging-2.4.1.jar;E:\SoftwareInstall\java\Meavn\maven_repository\ch\qos\logback\logback-classic\1.2.3\logback-classic-1.2.3.jar;E:\SoftwareInstall\java\Meavn\maven_repository\ch\qos\logback\logback-core\1.2.3\logback-core-1.2.3.jar;E:\SoftwareInstall\java\Meavn\maven_repository\org\apache\logging\log4j\log4j-to-slf4j\2.13.3\log4j-to-slf4j-2.13.3.jar;E:\SoftwareInstall\java\Meavn\maven_repository\org\apache\logging\log4j\log4j-api\2.13.3\log4j-api-2.13.3.jar;E:\SoftwareInstall\java\Meavn\maven_repository\org\slf4j\jul-to-slf4j\1.7.30\jul-to-slf4j-1.7.30.jar;E:\SoftwareInstall\java\Meavn\maven_repository\jakarta\annotation\jakarta.annotation-api\1.3.5\jakarta.annotation-api-1.3.5.jar;E:\SoftwareInstall\java\Meavn\maven_repository\org\yaml\snakeyaml\1.27\snakeyaml-1.27.jar;E:\SoftwareInstall\java\Meavn\maven_repository\org\springframework\boot\spring-boot-starter-json\2.4.1\spring-boot-starter-json-2.4.1.jar;E:\SoftwareInstall\java\Meavn\maven_repository\com\fasterxml\jackson\core\jackson-databind\2.11.3\jackson-databind-2.11.3.jar;E:\SoftwareInstall\java\Meavn\maven_repository\com\fasterxml\jackson\core\jackson-core\2.11.3\jackson-core-2.11.3.jar;E:\SoftwareInstall\java\Meavn\maven_repository\com\fasterxml\jackson\datatype\jackson-datatype-jdk8\2.11.3\jackson-datatype-jdk8-2.11.3.jar;E:\SoftwareInstall\java\Meavn\maven_repository\com\fasterxml\jackson\datatype\jackson-datatype-jsr310\2.11.3\jackson-datatype-jsr310-2.11.3.jar;E:\SoftwareInstall\java\Meavn\maven_repository\com\fasterxml\jackson\module\jackson-module-parameter-names\2.11.3\jackson-module-parameter-names-2.11.3.jar;E:\SoftwareInstall\java\Meavn\maven_repository\org\springframework\boot\spring-boot-starter-tomcat\2.4.1\spring-boot-starter-tomcat-2.4.1.jar;E:\SoftwareInstall\java\Meavn\maven_repository\org\apache\tomcat\embed\tomcat-embed-core\9.0.41\tomcat-embed-core-9.0.41.jar;E:\SoftwareInstall\java\Meavn\maven_repository\org\glassfish\jakarta.el\3.0.3\jakarta.el-3.0.3.jar;E:\SoftwareInstall\java\Meavn\maven_repository\org\apache\tomcat\embed\tomcat-embed-websocket\9.0.41\tomcat-embed-websocket-9.0.41.jar;E:\SoftwareInstall\java\Meavn\maven_repository\org\springframework\spring-web\5.3.2\spring-web-5.3.2.jar;E:\SoftwareInstall\java\Meavn\maven_repository\org\springframework\spring-beans\5.3.2\spring-beans-5.3.2.jar;E:\SoftwareInstall\java\Meavn\maven_repository\org\springframework\spring-webmvc\5.3.2\spring-webmvc-5.3.2.jar;E:\SoftwareInstall\java\Meavn\maven_repository\org\springframework\spring-aop\5.3.2\spring-aop-5.3.2.jar;E:\SoftwareInstall\java\Meavn\maven_repository\org\springframework\spring-context\5.3.2\spring-context-5.3.2.jar;E:\SoftwareInstall\java\Meavn\maven_repository\org\springframework\spring-expression\5.3.2\spring-expression-5.3.2.jar;E:\SoftwareInstall\java\Meavn\maven_repository\org\springframework\boot\spring-boot-starter-thymeleaf\2.4.1\spring-boot-starter-thymeleaf-2.4.1.jar;E:\SoftwareInstall\java\Meavn\maven_repository\org\thymeleaf\thymeleaf-spring5\3.0.11.RELEASE\thymeleaf-spring5-3.0.11.RELEASE.jar;E:\SoftwareInstall\java\Meavn\maven_repository\org\thymeleaf\thymeleaf\3.0.11.RELEASE\thymeleaf-3.0.11.RELEASE.jar;E:\SoftwareInstall\java\Meavn\maven_repository\org\attoparser\attoparser\2.0.5.RELEASE\attoparser-2.0.5.RELEASE.jar;E:\SoftwareInstall\java\Meavn\maven_repository\org\unbescape\unbescape\1.1.6.RELEASE\unbescape-1.1.6.RELEASE.jar;E:\SoftwareInstall\java\Meavn\maven_repository\org\thymeleaf\extras\thymeleaf-extras-java8time\3.0.4.RELEASE\thymeleaf-extras-java8time-3.0.4.RELEASE.jar;E:\SoftwareInstall\java\Meavn\maven_repository\org\springframework\boot\spring-boot-devtools\2.4.1\spring-boot-devtools-2.4.1.jar;E:\SoftwareInstall\java\Meavn\maven_repository\org\springframework\boot\spring-boot\2.4.1\spring-boot-2.4.1.jar;E:\SoftwareInstall\java\Meavn\maven_repository\org\springframework\boot\spring-boot-autoconfigure\2.4.1\spring-boot-autoconfigure-2.4.1.jar;E:\SoftwareInstall\java\Meavn\maven_repository\mysql\mysql-connector-java\8.0.11\mysql-connector-java-8.0.11.jar;E:\SoftwareInstall\java\Meavn\maven_repository\org\projectlombok\lombok\1.18.16\lombok-1.18.16.jar;E:\SoftwareInstall\java\Meavn\maven_repository\org\springframework\boot\spring-boot-starter-test\2.4.1\spring-boot-starter-test-2.4.1.jar;E:\SoftwareInstall\java\Meavn\maven_repository\org\springframework\boot\spring-boot-test\2.4.1\spring-boot-test-2.4.1.jar;E:\SoftwareInstall\java\Meavn\maven_repository\org\springframework\boot\spring-boot-test-autoconfigure\2.4.1\spring-boot-test-autoconfigure-2.4.1.jar;E:\SoftwareInstall\java\Meavn\maven_repository\com\jayway\jsonpath\json-path\2.4.0\json-path-2.4.0.jar;E:\SoftwareInstall\java\Meavn\maven_repository\net\minidev\json-smart\2.3\json-smart-2.3.jar;E:\SoftwareInstall\java\Meavn\maven_repository\net\minidev\accessors-smart\1.2\accessors-smart-1.2.jar;E:\SoftwareInstall\java\Meavn\maven_repository\org\ow2\asm\asm\5.0.4\asm-5.0.4.jar;E:\SoftwareInstall\java\Meavn\maven_repository\jakarta\xml\bind\jakarta.xml.bind-api\2.3.3\jakarta.xml.bind-api-2.3.3.jar;E:\SoftwareInstall\java\Meavn\maven_repository\jakarta\activation\jakarta.activation-api\1.2.2\jakarta.activation-api-1.2.2.jar;E:\SoftwareInstall\java\Meavn\maven_repository\org\assertj\assertj-core\3.18.1\assertj-core-3.18.1.jar;E:\SoftwareInstall\java\Meavn\maven_repository\org\hamcrest\hamcrest\2.2\hamcrest-2.2.jar;E:\SoftwareInstall\java\Meavn\maven_repository\org\junit\jupiter\junit-jupiter\5.7.0\junit-jupiter-5.7.0.jar;E:\SoftwareInstall\java\Meavn\maven_repository\org\junit\jupiter\junit-jupiter-api\5.7.0\junit-jupiter-api-5.7.0.jar;E:\SoftwareInstall\java\Meavn\maven_repository\org\apiguardian\apiguardian-api\1.1.0\apiguardian-api-1.1.0.jar;E:\SoftwareInstall\java\Meavn\maven_repository\org\opentest4j\opentest4j\1.2.0\opentest4j-1.2.0.jar;E:\SoftwareInstall\java\Meavn\maven_repository\org\junit\platform\junit-platform-commons\1.7.0\junit-platform-commons-1.7.0.jar;E:\SoftwareInstall\java\Meavn\maven_repository\org\junit\jupiter\junit-jupiter-params\5.7.0\junit-jupiter-params-5.7.0.jar;E:\SoftwareInstall\java\Meavn\maven_repository\org\junit\jupiter\junit-jupiter-engine\5.7.0\junit-jupiter-engine-5.7.0.jar;E:\SoftwareInstall\java\Meavn\maven_repository\org\junit\platform\junit-platform-engine\1.7.0\junit-platform-engine-1.7.0.jar;E:\SoftwareInstall\java\Meavn\maven_repository\org\mockito\mockito-core\3.6.28\mockito-core-3.6.28.jar;E:\SoftwareInstall\java\Meavn\maven_repository\net\bytebuddy\byte-buddy\1.10.18\byte-buddy-1.10.18.jar;E:\SoftwareInstall\java\Meavn\maven_repository\net\bytebuddy\byte-buddy-agent\1.10.18\byte-buddy-agent-1.10.18.jar;E:\SoftwareInstall\java\Meavn\maven_repository\org\objenesis\objenesis\3.1\objenesis-3.1.jar;E:\SoftwareInstall\java\Meavn\maven_repository\org\mockito\mockito-junit-jupiter\3.6.28\mockito-junit-jupiter-3.6.28.jar;E:\SoftwareInstall\java\Meavn\maven_repository\org\skyscreamer\jsonassert\1.5.0\jsonassert-1.5.0.jar;E:\SoftwareInstall\java\Meavn\maven_repository\org\springframework\spring-core\5.3.2\spring-core-5.3.2.jar;E:\SoftwareInstall\java\Meavn\maven_repository\org\springframework\spring-jcl\5.3.2\spring-jcl-5.3.2.jar;E:\SoftwareInstall\java\Meavn\maven_repository\org\springframework\spring-test\5.3.2\spring-test-5.3.2.jar;E:\SoftwareInstall\java\Meavn\maven_repository\org\xmlunit\xmlunit-core\2.7.0\xmlunit-core-2.7.0.jar;E:\SoftwareInstall\java\Meavn\maven_repository\io\springfox\springfox-swagger2\2.9.2\springfox-swagger2-2.9.2.jar;E:\SoftwareInstall\java\Meavn\maven_repository\io\swagger\swagger-annotations\1.5.20\swagger-annotations-1.5.20.jar;E:\SoftwareInstall\java\Meavn\maven_repository\io\swagger\swagger-models\1.5.20\swagger-models-1.5.20.jar;E:\SoftwareInstall\java\Meavn\maven_repository\com\fasterxml\jackson\core\jackson-annotations\2.11.3\jackson-annotations-2.11.3.jar;E:\SoftwareInstall\java\Meavn\maven_repository\io\springfox\springfox-spi\2.9.2\springfox-spi-2.9.2.jar;E:\SoftwareInstall\java\Meavn\maven_repository\io\springfox\springfox-core\2.9.2\springfox-core-2.9.2.jar;E:\SoftwareInstall\java\Meavn\maven_repository\io\springfox\springfox-schema\2.9.2\springfox-schema-2.9.2.jar;E:\SoftwareInstall\java\Meavn\maven_repository\io\springfox\springfox-swagger-common\2.9.2\springfox-swagger-common-2.9.2.jar;E:\SoftwareInstall\java\Meavn\maven_repository\io\springfox\springfox-spring-web\2.9.2\springfox-spring-web-2.9.2.jar;E:\SoftwareInstall\java\Meavn\maven_repository\com\google\guava\guava\20.0\guava-20.0.jar;E:\SoftwareInstall\java\Meavn\maven_repository\com\fasterxml\classmate\1.5.1\classmate-1.5.1.jar;E:\SoftwareInstall\java\Meavn\maven_repository\org\slf4j\slf4j-api\1.7.30\slf4j-api-1.7.30.jar;E:\SoftwareInstall\java\Meavn\maven_repository\org\springframework\plugin\spring-plugin-core\1.2.0.RELEASE\spring-plugin-core-1.2.0.RELEASE.jar;E:\SoftwareInstall\java\Meavn\maven_repository\org\springframework\plugin\spring-plugin-metadata\1.2.0.RELEASE\spring-plugin-metadata-1.2.0.RELEASE.jar;E:\SoftwareInstall\java\Meavn\maven_repository\org\mapstruct\mapstruct\1.2.0.Final\mapstruct-1.2.0.Final.jar;E:\SoftwareInstall\java\Meavn\maven_repository\io\springfox\springfox-swagger-ui\2.9.2\springfox-swagger-ui-2.9.2.jar;E:\SoftwareInstall\java\Meavn\maven_repository\org\apache\shiro\shiro-spring\1.4.1\shiro-spring-1.4.1.jar;E:\SoftwareInstall\java\Meavn\maven_repository\org\apache\shiro\shiro-core\1.4.1\shiro-core-1.4.1.jar;E:\SoftwareInstall\java\Meavn\maven_repository\org\apache\shiro\shiro-lang\1.4.1\shiro-lang-1.4.1.jar;E:\SoftwareInstall\java\Meavn\maven_repository\org\apache\shiro\shiro-cache\1.4.1\shiro-cache-1.4.1.jar;E:\SoftwareInstall\java\Meavn\maven_repository\org\apache\shiro\shiro-crypto-hash\1.4.1\shiro-crypto-hash-1.4.1.jar;E:\SoftwareInstall\java\Meavn\maven_repository\org\apache\shiro\shiro-crypto-core\1.4.1\shiro-crypto-core-1.4.1.jar;E:\SoftwareInstall\java\Meavn\maven_repository\org\apache\shiro\shiro-crypto-cipher\1.4.1\shiro-crypto-cipher-1.4.1.jar;E:\SoftwareInstall\java\Meavn\maven_repository\org\apache\shiro\shiro-config-core\1.4.1\shiro-config-core-1.4.1.jar;E:\SoftwareInstall\java\Meavn\maven_repository\org\apache\shiro\shiro-config-ogdl\1.4.1\shiro-config-ogdl-1.4.1.jar;E:\SoftwareInstall\java\Meavn\maven_repository\commons-beanutils\commons-beanutils\1.9.3\commons-beanutils-1.9.3.jar;E:\SoftwareInstall\java\Meavn\maven_repository\commons-collections\commons-collections\3.2.2\commons-collections-3.2.2.jar;E:\SoftwareInstall\java\Meavn\maven_repository\org\apache\shiro\shiro-event\1.4.1\shiro-event-1.4.1.jar;E:\SoftwareInstall\java\Meavn\maven_repository\org\apache\shiro\shiro-web\1.4.1\shiro-web-1.4.1.jar;E:\SoftwareInstall\java\Meavn\maven_repository\com\alibaba\fastjson\1.2.51\fastjson-1.2.51.jar;E:\SoftwareInstall\java\Meavn\maven_repository\com\baomidou\mybatis-plus-boot-starter\3.0.1\mybatis-plus-boot-starter-3.0.1.jar;E:\SoftwareInstall\java\Meavn\maven_repository\com\baomidou\mybatis-plus\3.0.1\mybatis-plus-3.0.1.jar;E:\SoftwareInstall\java\Meavn\maven_repository\com\baomidou\mybatis-plus-extension\3.0.1\mybatis-plus-extension-3.0.1.jar;E:\SoftwareInstall\java\Meavn\maven_repository\com\baomidou\mybatis-plus-core\3.0.1\mybatis-plus-core-3.0.1.jar;E:\SoftwareInstall\java\Meavn\maven_repository\com\baomidou\mybatis-plus-annotation\3.0.1\mybatis-plus-annotation-3.0.1.jar;E:\SoftwareInstall\java\Meavn\maven_repository\com\baomidou\mybatis-plus-generator\3.0.1\mybatis-plus-generator-3.0.1.jar;E:\SoftwareInstall\java\Meavn\maven_repository\org\apache\velocity\velocity-engine-core\2.0\velocity-engine-core-2.0.jar;E:\SoftwareInstall\java\Meavn\maven_repository\org\apache\commons\commons-lang3\3.11\commons-lang3-3.11.jar;E:\SoftwareInstall\java\Meavn\maven_repository\org\freemarker\freemarker\2.3.30\freemarker-2.3.30.jar;E:\SoftwareInstall\java\Meavn\maven_repository\org\springframework\boot\spring-boot-starter-jdbc\2.4.1\spring-boot-starter-jdbc-2.4.1.jar;E:\SoftwareInstall\java\Meavn\maven_repository\com\zaxxer\HikariCP\3.4.5\HikariCP-3.4.5.jar;E:\SoftwareInstall\java\Meavn\maven_repository\org\springframework\spring-jdbc\5.3.2\spring-jdbc-5.3.2.jar;E:\SoftwareInstall\java\Meavn\maven_repository\org\springframework\spring-tx\5.3.2\spring-tx-5.3.2.jar;E:\SoftwareInstall\java\Meavn\maven_repository\org\springframework\boot\spring-boot-configuration-processor\2.4.1\spring-boot-configuration-processor-2.4.1.jar;E:\SoftwareInstall\java\Meavn\maven_repository\com\github\pagehelper\pagehelper-spring-boot-starter\1.2.10\pagehelper-spring-boot-starter-1.2.10.jar;E:\SoftwareInstall\java\Meavn\maven_repository\org\mybatis\spring\boot\mybatis-spring-boot-starter\1.3.2\mybatis-spring-boot-starter-1.3.2.jar;E:\SoftwareInstall\java\Meavn\maven_repository\org\mybatis\spring\boot\mybatis-spring-boot-autoconfigure\1.3.2\mybatis-spring-boot-autoconfigure-1.3.2.jar;E:\SoftwareInstall\java\Meavn\maven_repository\org\mybatis\mybatis\3.4.6\mybatis-3.4.6.jar;E:\SoftwareInstall\java\Meavn\maven_repository\org\mybatis\mybatis-spring\1.3.2\mybatis-spring-1.3.2.jar;E:\SoftwareInstall\java\Meavn\maven_repository\com\github\pagehelper\pagehelper-spring-boot-autoconfigure\1.2.10\pagehelper-spring-boot-autoconfigure-1.2.10.jar;E:\SoftwareInstall\java\Meavn\maven_repository\com\github\pagehelper\pagehelper\5.1.8\pagehelper-5.1.8.jar;E:\SoftwareInstall\java\Meavn\maven_repository\com\github\jsqlparser\jsqlparser\1.2\jsqlparser-1.2.jar;E:\SoftwareInstall\java\Meavn\maven_repository\com\vaadin\external\google\android-json\0.0.20131108.vaadin1\android-json-0.0.20131108.vaadin1.jar;E:\SoftwareInstall\java\Meavn\maven_repository\org\apache\poi\poi\3.17\poi-3.17.jar;E:\SoftwareInstall\java\Meavn\maven_repository\commons-codec\commons-codec\1.15\commons-codec-1.15.jar;E:\SoftwareInstall\java\Meavn\maven_repository\org\apache\commons\commons-collections4\4.1\commons-collections4-4.1.jar;E:\SoftwareInstall\java\Meavn\maven_repository\com\github\theborakompanioni\thymeleaf-extras-shiro\2.0.0\thymeleaf-extras-shiro-2.0.0.jar;"/>
    <property name="java.vm.vendor" value="Oracle Corporation"/>
    <property name="sun.arch.data.model" value="64"/>
    <property name="user.variant" value=""/>
    <property name="java.vendor.url" value="http://java.oracle.com/"/>
    <property name="user.timezone" value="Asia/Shanghai"/>
    <property name="java.vm.specification.version" value="1.8"/>
    <property name="os.name" value="Windows 10"/>
    <property name="user.country" value="CN"/>
    <property name="sun.java.launcher" value="SUN_STANDARD"/>
    <property name="sun.boot.library.path" value="E:\SoftwareInstall\java\Jdk_Install\jre\bin"/>
    <property name="sun.java.command" value="C:\Users\asus\AppData\Local\Temp\surefire739417802751046779\surefirebooter132026890049727506.jar C:\Users\asus\AppData\Local\Temp\surefire739417802751046779 2021-05-15T09-59-07_779-jvmRun1 surefire3022668849532695756tmp surefire_09066545116264092815tmp"/>
    <property name="surefire.test.class.path" value="F:\networkStudy\毕业设计\student_system\target\test-classes;F:\networkStudy\毕业设计\student_system\target\classes;E:\SoftwareInstall\java\Meavn\maven_repository\org\springframework\boot\spring-boot-starter-web\2.4.1\spring-boot-starter-web-2.4.1.jar;E:\SoftwareInstall\java\Meavn\maven_repository\org\springframework\boot\spring-boot-starter\2.4.1\spring-boot-starter-2.4.1.jar;E:\SoftwareInstall\java\Meavn\maven_repository\org\springframework\boot\spring-boot-starter-logging\2.4.1\spring-boot-starter-logging-2.4.1.jar;E:\SoftwareInstall\java\Meavn\maven_repository\ch\qos\logback\logback-classic\1.2.3\logback-classic-1.2.3.jar;E:\SoftwareInstall\java\Meavn\maven_repository\ch\qos\logback\logback-core\1.2.3\logback-core-1.2.3.jar;E:\SoftwareInstall\java\Meavn\maven_repository\org\apache\logging\log4j\log4j-to-slf4j\2.13.3\log4j-to-slf4j-2.13.3.jar;E:\SoftwareInstall\java\Meavn\maven_repository\org\apache\logging\log4j\log4j-api\2.13.3\log4j-api-2.13.3.jar;E:\SoftwareInstall\java\Meavn\maven_repository\org\slf4j\jul-to-slf4j\1.7.30\jul-to-slf4j-1.7.30.jar;E:\SoftwareInstall\java\Meavn\maven_repository\jakarta\annotation\jakarta.annotation-api\1.3.5\jakarta.annotation-api-1.3.5.jar;E:\SoftwareInstall\java\Meavn\maven_repository\org\yaml\snakeyaml\1.27\snakeyaml-1.27.jar;E:\SoftwareInstall\java\Meavn\maven_repository\org\springframework\boot\spring-boot-starter-json\2.4.1\spring-boot-starter-json-2.4.1.jar;E:\SoftwareInstall\java\Meavn\maven_repository\com\fasterxml\jackson\core\jackson-databind\2.11.3\jackson-databind-2.11.3.jar;E:\SoftwareInstall\java\Meavn\maven_repository\com\fasterxml\jackson\core\jackson-core\2.11.3\jackson-core-2.11.3.jar;E:\SoftwareInstall\java\Meavn\maven_repository\com\fasterxml\jackson\datatype\jackson-datatype-jdk8\2.11.3\jackson-datatype-jdk8-2.11.3.jar;E:\SoftwareInstall\java\Meavn\maven_repository\com\fasterxml\jackson\datatype\jackson-datatype-jsr310\2.11.3\jackson-datatype-jsr310-2.11.3.jar;E:\SoftwareInstall\java\Meavn\maven_repository\com\fasterxml\jackson\module\jackson-module-parameter-names\2.11.3\jackson-module-parameter-names-2.11.3.jar;E:\SoftwareInstall\java\Meavn\maven_repository\org\springframework\boot\spring-boot-starter-tomcat\2.4.1\spring-boot-starter-tomcat-2.4.1.jar;E:\SoftwareInstall\java\Meavn\maven_repository\org\apache\tomcat\embed\tomcat-embed-core\9.0.41\tomcat-embed-core-9.0.41.jar;E:\SoftwareInstall\java\Meavn\maven_repository\org\glassfish\jakarta.el\3.0.3\jakarta.el-3.0.3.jar;E:\SoftwareInstall\java\Meavn\maven_repository\org\apache\tomcat\embed\tomcat-embed-websocket\9.0.41\tomcat-embed-websocket-9.0.41.jar;E:\SoftwareInstall\java\Meavn\maven_repository\org\springframework\spring-web\5.3.2\spring-web-5.3.2.jar;E:\SoftwareInstall\java\Meavn\maven_repository\org\springframework\spring-beans\5.3.2\spring-beans-5.3.2.jar;E:\SoftwareInstall\java\Meavn\maven_repository\org\springframework\spring-webmvc\5.3.2\spring-webmvc-5.3.2.jar;E:\SoftwareInstall\java\Meavn\maven_repository\org\springframework\spring-aop\5.3.2\spring-aop-5.3.2.jar;E:\SoftwareInstall\java\Meavn\maven_repository\org\springframework\spring-context\5.3.2\spring-context-5.3.2.jar;E:\SoftwareInstall\java\Meavn\maven_repository\org\springframework\spring-expression\5.3.2\spring-expression-5.3.2.jar;E:\SoftwareInstall\java\Meavn\maven_repository\org\springframework\boot\spring-boot-starter-thymeleaf\2.4.1\spring-boot-starter-thymeleaf-2.4.1.jar;E:\SoftwareInstall\java\Meavn\maven_repository\org\thymeleaf\thymeleaf-spring5\3.0.11.RELEASE\thymeleaf-spring5-3.0.11.RELEASE.jar;E:\SoftwareInstall\java\Meavn\maven_repository\org\thymeleaf\thymeleaf\3.0.11.RELEASE\thymeleaf-3.0.11.RELEASE.jar;E:\SoftwareInstall\java\Meavn\maven_repository\org\attoparser\attoparser\2.0.5.RELEASE\attoparser-2.0.5.RELEASE.jar;E:\SoftwareInstall\java\Meavn\maven_repository\org\unbescape\unbescape\1.1.6.RELEASE\unbescape-1.1.6.RELEASE.jar;E:\SoftwareInstall\java\Meavn\maven_repository\org\thymeleaf\extras\thymeleaf-extras-java8time\3.0.4.RELEASE\thymeleaf-extras-java8time-3.0.4.RELEASE.jar;E:\SoftwareInstall\java\Meavn\maven_repository\org\springframework\boot\spring-boot-devtools\2.4.1\spring-boot-devtools-2.4.1.jar;E:\SoftwareInstall\java\Meavn\maven_repository\org\springframework\boot\spring-boot\2.4.1\spring-boot-2.4.1.jar;E:\SoftwareInstall\java\Meavn\maven_repository\org\springframework\boot\spring-boot-autoconfigure\2.4.1\spring-boot-autoconfigure-2.4.1.jar;E:\SoftwareInstall\java\Meavn\maven_repository\mysql\mysql-connector-java\8.0.11\mysql-connector-java-8.0.11.jar;E:\SoftwareInstall\java\Meavn\maven_repository\org\projectlombok\lombok\1.18.16\lombok-1.18.16.jar;E:\SoftwareInstall\java\Meavn\maven_repository\org\springframework\boot\spring-boot-starter-test\2.4.1\spring-boot-starter-test-2.4.1.jar;E:\SoftwareInstall\java\Meavn\maven_repository\org\springframework\boot\spring-boot-test\2.4.1\spring-boot-test-2.4.1.jar;E:\SoftwareInstall\java\Meavn\maven_repository\org\springframework\boot\spring-boot-test-autoconfigure\2.4.1\spring-boot-test-autoconfigure-2.4.1.jar;E:\SoftwareInstall\java\Meavn\maven_repository\com\jayway\jsonpath\json-path\2.4.0\json-path-2.4.0.jar;E:\SoftwareInstall\java\Meavn\maven_repository\net\minidev\json-smart\2.3\json-smart-2.3.jar;E:\SoftwareInstall\java\Meavn\maven_repository\net\minidev\accessors-smart\1.2\accessors-smart-1.2.jar;E:\SoftwareInstall\java\Meavn\maven_repository\org\ow2\asm\asm\5.0.4\asm-5.0.4.jar;E:\SoftwareInstall\java\Meavn\maven_repository\jakarta\xml\bind\jakarta.xml.bind-api\2.3.3\jakarta.xml.bind-api-2.3.3.jar;E:\SoftwareInstall\java\Meavn\maven_repository\jakarta\activation\jakarta.activation-api\1.2.2\jakarta.activation-api-1.2.2.jar;E:\SoftwareInstall\java\Meavn\maven_repository\org\assertj\assertj-core\3.18.1\assertj-core-3.18.1.jar;E:\SoftwareInstall\java\Meavn\maven_repository\org\hamcrest\hamcrest\2.2\hamcrest-2.2.jar;E:\SoftwareInstall\java\Meavn\maven_repository\org\junit\jupiter\junit-jupiter\5.7.0\junit-jupiter-5.7.0.jar;E:\SoftwareInstall\java\Meavn\maven_repository\org\junit\jupiter\junit-jupiter-api\5.7.0\junit-jupiter-api-5.7.0.jar;E:\SoftwareInstall\java\Meavn\maven_repository\org\apiguardian\apiguardian-api\1.1.0\apiguardian-api-1.1.0.jar;E:\SoftwareInstall\java\Meavn\maven_repository\org\opentest4j\opentest4j\1.2.0\opentest4j-1.2.0.jar;E:\SoftwareInstall\java\Meavn\maven_repository\org\junit\platform\junit-platform-commons\1.7.0\junit-platform-commons-1.7.0.jar;E:\SoftwareInstall\java\Meavn\maven_repository\org\junit\jupiter\junit-jupiter-params\5.7.0\junit-jupiter-params-5.7.0.jar;E:\SoftwareInstall\java\Meavn\maven_repository\org\junit\jupiter\junit-jupiter-engine\5.7.0\junit-jupiter-engine-5.7.0.jar;E:\SoftwareInstall\java\Meavn\maven_repository\org\junit\platform\junit-platform-engine\1.7.0\junit-platform-engine-1.7.0.jar;E:\SoftwareInstall\java\Meavn\maven_repository\org\mockito\mockito-core\3.6.28\mockito-core-3.6.28.jar;E:\SoftwareInstall\java\Meavn\maven_repository\net\bytebuddy\byte-buddy\1.10.18\byte-buddy-1.10.18.jar;E:\SoftwareInstall\java\Meavn\maven_repository\net\bytebuddy\byte-buddy-agent\1.10.18\byte-buddy-agent-1.10.18.jar;E:\SoftwareInstall\java\Meavn\maven_repository\org\objenesis\objenesis\3.1\objenesis-3.1.jar;E:\SoftwareInstall\java\Meavn\maven_repository\org\mockito\mockito-junit-jupiter\3.6.28\mockito-junit-jupiter-3.6.28.jar;E:\SoftwareInstall\java\Meavn\maven_repository\org\skyscreamer\jsonassert\1.5.0\jsonassert-1.5.0.jar;E:\SoftwareInstall\java\Meavn\maven_repository\org\springframework\spring-core\5.3.2\spring-core-5.3.2.jar;E:\SoftwareInstall\java\Meavn\maven_repository\org\springframework\spring-jcl\5.3.2\spring-jcl-5.3.2.jar;E:\SoftwareInstall\java\Meavn\maven_repository\org\springframework\spring-test\5.3.2\spring-test-5.3.2.jar;E:\SoftwareInstall\java\Meavn\maven_repository\org\xmlunit\xmlunit-core\2.7.0\xmlunit-core-2.7.0.jar;E:\SoftwareInstall\java\Meavn\maven_repository\io\springfox\springfox-swagger2\2.9.2\springfox-swagger2-2.9.2.jar;E:\SoftwareInstall\java\Meavn\maven_repository\io\swagger\swagger-annotations\1.5.20\swagger-annotations-1.5.20.jar;E:\SoftwareInstall\java\Meavn\maven_repository\io\swagger\swagger-models\1.5.20\swagger-models-1.5.20.jar;E:\SoftwareInstall\java\Meavn\maven_repository\com\fasterxml\jackson\core\jackson-annotations\2.11.3\jackson-annotations-2.11.3.jar;E:\SoftwareInstall\java\Meavn\maven_repository\io\springfox\springfox-spi\2.9.2\springfox-spi-2.9.2.jar;E:\SoftwareInstall\java\Meavn\maven_repository\io\springfox\springfox-core\2.9.2\springfox-core-2.9.2.jar;E:\SoftwareInstall\java\Meavn\maven_repository\io\springfox\springfox-schema\2.9.2\springfox-schema-2.9.2.jar;E:\SoftwareInstall\java\Meavn\maven_repository\io\springfox\springfox-swagger-common\2.9.2\springfox-swagger-common-2.9.2.jar;E:\SoftwareInstall\java\Meavn\maven_repository\io\springfox\springfox-spring-web\2.9.2\springfox-spring-web-2.9.2.jar;E:\SoftwareInstall\java\Meavn\maven_repository\com\google\guava\guava\20.0\guava-20.0.jar;E:\SoftwareInstall\java\Meavn\maven_repository\com\fasterxml\classmate\1.5.1\classmate-1.5.1.jar;E:\SoftwareInstall\java\Meavn\maven_repository\org\slf4j\slf4j-api\1.7.30\slf4j-api-1.7.30.jar;E:\SoftwareInstall\java\Meavn\maven_repository\org\springframework\plugin\spring-plugin-core\1.2.0.RELEASE\spring-plugin-core-1.2.0.RELEASE.jar;E:\SoftwareInstall\java\Meavn\maven_repository\org\springframework\plugin\spring-plugin-metadata\1.2.0.RELEASE\spring-plugin-metadata-1.2.0.RELEASE.jar;E:\SoftwareInstall\java\Meavn\maven_repository\org\mapstruct\mapstruct\1.2.0.Final\mapstruct-1.2.0.Final.jar;E:\SoftwareInstall\java\Meavn\maven_repository\io\springfox\springfox-swagger-ui\2.9.2\springfox-swagger-ui-2.9.2.jar;E:\SoftwareInstall\java\Meavn\maven_repository\org\apache\shiro\shiro-spring\1.4.1\shiro-spring-1.4.1.jar;E:\SoftwareInstall\java\Meavn\maven_repository\org\apache\shiro\shiro-core\1.4.1\shiro-core-1.4.1.jar;E:\SoftwareInstall\java\Meavn\maven_repository\org\apache\shiro\shiro-lang\1.4.1\shiro-lang-1.4.1.jar;E:\SoftwareInstall\java\Meavn\maven_repository\org\apache\shiro\shiro-cache\1.4.1\shiro-cache-1.4.1.jar;E:\SoftwareInstall\java\Meavn\maven_repository\org\apache\shiro\shiro-crypto-hash\1.4.1\shiro-crypto-hash-1.4.1.jar;E:\SoftwareInstall\java\Meavn\maven_repository\org\apache\shiro\shiro-crypto-core\1.4.1\shiro-crypto-core-1.4.1.jar;E:\SoftwareInstall\java\Meavn\maven_repository\org\apache\shiro\shiro-crypto-cipher\1.4.1\shiro-crypto-cipher-1.4.1.jar;E:\SoftwareInstall\java\Meavn\maven_repository\org\apache\shiro\shiro-config-core\1.4.1\shiro-config-core-1.4.1.jar;E:\SoftwareInstall\java\Meavn\maven_repository\org\apache\shiro\shiro-config-ogdl\1.4.1\shiro-config-ogdl-1.4.1.jar;E:\SoftwareInstall\java\Meavn\maven_repository\commons-beanutils\commons-beanutils\1.9.3\commons-beanutils-1.9.3.jar;E:\SoftwareInstall\java\Meavn\maven_repository\commons-collections\commons-collections\3.2.2\commons-collections-3.2.2.jar;E:\SoftwareInstall\java\Meavn\maven_repository\org\apache\shiro\shiro-event\1.4.1\shiro-event-1.4.1.jar;E:\SoftwareInstall\java\Meavn\maven_repository\org\apache\shiro\shiro-web\1.4.1\shiro-web-1.4.1.jar;E:\SoftwareInstall\java\Meavn\maven_repository\com\alibaba\fastjson\1.2.51\fastjson-1.2.51.jar;E:\SoftwareInstall\java\Meavn\maven_repository\com\baomidou\mybatis-plus-boot-starter\3.0.1\mybatis-plus-boot-starter-3.0.1.jar;E:\SoftwareInstall\java\Meavn\maven_repository\com\baomidou\mybatis-plus\3.0.1\mybatis-plus-3.0.1.jar;E:\SoftwareInstall\java\Meavn\maven_repository\com\baomidou\mybatis-plus-extension\3.0.1\mybatis-plus-extension-3.0.1.jar;E:\SoftwareInstall\java\Meavn\maven_repository\com\baomidou\mybatis-plus-core\3.0.1\mybatis-plus-core-3.0.1.jar;E:\SoftwareInstall\java\Meavn\maven_repository\com\baomidou\mybatis-plus-annotation\3.0.1\mybatis-plus-annotation-3.0.1.jar;E:\SoftwareInstall\java\Meavn\maven_repository\com\baomidou\mybatis-plus-generator\3.0.1\mybatis-plus-generator-3.0.1.jar;E:\SoftwareInstall\java\Meavn\maven_repository\org\apache\velocity\velocity-engine-core\2.0\velocity-engine-core-2.0.jar;E:\SoftwareInstall\java\Meavn\maven_repository\org\apache\commons\commons-lang3\3.11\commons-lang3-3.11.jar;E:\SoftwareInstall\java\Meavn\maven_repository\org\freemarker\freemarker\2.3.30\freemarker-2.3.30.jar;E:\SoftwareInstall\java\Meavn\maven_repository\org\springframework\boot\spring-boot-starter-jdbc\2.4.1\spring-boot-starter-jdbc-2.4.1.jar;E:\SoftwareInstall\java\Meavn\maven_repository\com\zaxxer\HikariCP\3.4.5\HikariCP-3.4.5.jar;E:\SoftwareInstall\java\Meavn\maven_repository\org\springframework\spring-jdbc\5.3.2\spring-jdbc-5.3.2.jar;E:\SoftwareInstall\java\Meavn\maven_repository\org\springframework\spring-tx\5.3.2\spring-tx-5.3.2.jar;E:\SoftwareInstall\java\Meavn\maven_repository\org\springframework\boot\spring-boot-configuration-processor\2.4.1\spring-boot-configuration-processor-2.4.1.jar;E:\SoftwareInstall\java\Meavn\maven_repository\com\github\pagehelper\pagehelper-spring-boot-starter\1.2.10\pagehelper-spring-boot-starter-1.2.10.jar;E:\SoftwareInstall\java\Meavn\maven_repository\org\mybatis\spring\boot\mybatis-spring-boot-starter\1.3.2\mybatis-spring-boot-starter-1.3.2.jar;E:\SoftwareInstall\java\Meavn\maven_repository\org\mybatis\spring\boot\mybatis-spring-boot-autoconfigure\1.3.2\mybatis-spring-boot-autoconfigure-1.3.2.jar;E:\SoftwareInstall\java\Meavn\maven_repository\org\mybatis\mybatis\3.4.6\mybatis-3.4.6.jar;E:\SoftwareInstall\java\Meavn\maven_repository\org\mybatis\mybatis-spring\1.3.2\mybatis-spring-1.3.2.jar;E:\SoftwareInstall\java\Meavn\maven_repository\com\github\pagehelper\pagehelper-spring-boot-autoconfigure\1.2.10\pagehelper-spring-boot-autoconfigure-1.2.10.jar;E:\SoftwareInstall\java\Meavn\maven_repository\com\github\pagehelper\pagehelper\5.1.8\pagehelper-5.1.8.jar;E:\SoftwareInstall\java\Meavn\maven_repository\com\github\jsqlparser\jsqlparser\1.2\jsqlparser-1.2.jar;E:\SoftwareInstall\java\Meavn\maven_repository\com\vaadin\external\google\android-json\0.0.20131108.vaadin1\android-json-0.0.20131108.vaadin1.jar;E:\SoftwareInstall\java\Meavn\maven_repository\org\apache\poi\poi\3.17\poi-3.17.jar;E:\SoftwareInstall\java\Meavn\maven_repository\commons-codec\commons-codec\1.15\commons-codec-1.15.jar;E:\SoftwareInstall\java\Meavn\maven_repository\org\apache\commons\commons-collections4\4.1\commons-collections4-4.1.jar;E:\SoftwareInstall\java\Meavn\maven_repository\com\github\theborakompanioni\thymeleaf-extras-shiro\2.0.0\thymeleaf-extras-shiro-2.0.0.jar;"/>
    <property name="sun.cpu.endian" value="little"/>
    <property name="user.home" value="C:\Users\asus"/>
    <property name="user.language" value="zh"/>
    <property name="java.specification.vendor" value="Oracle Corporation"/>
    <property name="java.home" value="E:\SoftwareInstall\java\Jdk_Install\jre"/>
    <property name="basedir" value="F:\networkStudy\毕业设计\student_system"/>
    <property name="file.separator" value="\"/>
    <property name="line.separator" value="&#10;"/>
    <property name="java.vm.specification.vendor" value="Oracle Corporation"/>
    <property name="java.specification.name" value="Java Platform API Specification"/>
    <property name="java.awt.graphicsenv" value="sun.awt.Win32GraphicsEnvironment"/>
    <property name="idea.version2020.1.2" value="true"/>
    <property name="surefire.real.class.path" value="C:\Users\asus\AppData\Local\Temp\surefire739417802751046779\surefirebooter132026890049727506.jar"/>
    <property name="sun.boot.class.path" value="E:\SoftwareInstall\java\Jdk_Install\jre\lib\resources.jar;E:\SoftwareInstall\java\Jdk_Install\jre\lib\rt.jar;E:\SoftwareInstall\java\Jdk_Install\jre\lib\sunrsasign.jar;E:\SoftwareInstall\java\Jdk_Install\jre\lib\jsse.jar;E:\SoftwareInstall\java\Jdk_Install\jre\lib\jce.jar;E:\SoftwareInstall\java\Jdk_Install\jre\lib\charsets.jar;E:\SoftwareInstall\java\Jdk_Install\jre\lib\jfr.jar;E:\SoftwareInstall\java\Jdk_Install\jre\classes"/>
    <property name="user.script" value=""/>
    <property name="sun.management.compiler" value="HotSpot 64-Bit Tiered Compilers"/>
    <property name="java.runtime.version" value="1.8.0_91-b15"/>
    <property name="user.name" value="asus"/>
    <property name="path.separator" value=";"/>
    <property name="os.version" value="10.0"/>
    <property name="java.endorsed.dirs" value="E:\SoftwareInstall\java\Jdk_Install\jre\lib\endorsed"/>
    <property name="java.runtime.name" value="Java(TM) SE Runtime Environment"/>
    <property name="file.encoding" value="GBK"/>
    <property name="java.vm.name" value="Java HotSpot(TM) 64-Bit Server VM"/>
    <property name="localRepository" value="E:\SoftwareInstall\java\Meavn\maven_repository"/>
    <property name="java.vendor.url.bug" value="http://bugreport.sun.com/bugreport/"/>
    <property name="java.io.tmpdir" value="C:\Users\asus\AppData\Local\Temp\"/>
    <property name="java.version" value="1.8.0_91"/>
    <property name="user.dir" value="F:\networkStudy\毕业设计\student_system"/>
    <property name="os.arch" value="amd64"/>
    <property name="java.vm.specification.name" value="Java Virtual Machine Specification"/>
    <property name="java.awt.printerjob" value="sun.awt.windows.WPrinterJob"/>
    <property name="sun.os.patch.level" value=""/>
    <property name="java.library.path" value="E:\SoftwareInstall\java\Jdk_Install\jre\bin;C:\WINDOWS\Sun\Java\bin;C:\WINDOWS\system32;C:\WINDOWS;E:\电脑软件安装\CRT\;E:\SoftwareInstall\java\service\xshell6\path\;E:\SoftwareInstall\java\service\xftp6\path\;E:\SoftwareInstall\java\python_install\Scripts\;E:\SoftwareInstall\java\python_install\;C:\Program Files\Python37\Scripts\;C:\Program Files\Python37\;C:\WINDOWS\system32;C:\WINDOWS;C:\WINDOWS\system32\wbem;C:\WINDOWS\system32\windowspowershell\v1.0\;e:\softwareinstall\java\navicatformysql\myaqlpath\bin;E:\StudySoftWare\MATlab7.1\installpath\bin\win32;E:\SoftwareInstall\java\svn\SVNPath\bin;E:\SoftwareInstall\java\svn\TortoiseSVNPath\bin;E:\SoftwareInstall\java\Meavn\apache-maven-3.5.4-bin\apache-maven-3.5.4\bin;E:\SoftwareInstall\java\Git\GitPath\Git\cmd;C:\WINDOWS\system32;C:\WINDOWS;C:\WINDOWS\System32\Wbem;C:\WINDOWS\System32\WindowsPowerShell\v1.0\;C:\WINDOWS\System32\OpenSSH\;E:\SoftwareInstall\java\python_install\Scripts;E:\SoftwareInstall\java\vagrant\bin;E:\SoftwareInstall\java\node\path\;C:\ProgramData\chocolatey\bin;%GRADLE_HOME%\bin;E:\The worm science and technology\vpn\OpenVPN\bin;E:\The worm science and technology\vpnpath\OpenVPN\bin;E:\SoftwareInstall\java\Jdk_Install\bin;;C:\Users\asus\AppData\Local\Microsoft\WindowsApps;E:\SoftwareInstall\java\idea\idea2020.1.2\IntelliJ IDEA 2020.1.2\bin;;E:\SoftwareInstall\java\Vscode\path\Microsoft VS Code\bin;C:\Users\asus\AppData\Roaming\npm;."/>
    <property name="java.vm.info" value="mixed mode"/>
    <property name="java.vendor" value="Oracle Corporation"/>
    <property name="java.vm.version" value="25.91-b15"/>
    <property name="java.ext.dirs" value="E:\SoftwareInstall\java\Jdk_Install\jre\lib\ext;C:\WINDOWS\Sun\Java\lib\ext"/>
    <property name="sun.io.unicode.encoding" value="UnicodeLittle"/>
    <property name="maven.repo.local" value="E:\SoftwareInstall\java\Meavn\maven_repository"/>
    <property name="java.class.version" value="52.0"/>
  </properties>
  <testcase name="queryClassId" classname="com.lb.StudentSystemApplicationTests" time="0.771"/>
  <testcase name="testTeacherAll" classname="com.lb.StudentSystemApplicationTests" time="0.162"/>
  <testcase name="queryAuthClassName" classname="com.lb.StudentSystemApplicationTests" time="0.007"/>
  <testcase name="testQueryCourseAllTeacherName" classname="com.lb.StudentSystemApplicationTests" time="0.193"/>
  <testcase name="queryAllAttendance" classname="com.lb.StudentSystemApplicationTests" time="0.039"/>
  <testcase name="testAddTeacher" classname="com.lb.StudentSystemApplicationTests" time="0.203"/>
  <testcase name="test" classname="com.lb.StudentSystemApplicationTests" time="0.017"/>
  <testcase name="testQueryCourseAll" classname="com.lb.StudentSystemApplicationTests" time="0.072"/>
  <testcase name="queryStuClassByCourseName" classname="com.lb.StudentSystemApplicationTests" time="0.014"/>
  <testcase name="queryCourseAndClassNameVoMapper" classname="com.lb.StudentSystemApplicationTests" time="0.006"/>
  <testcase name="contextLoads" classname="com.lb.StudentSystemApplicationTests" time="0.015"/>
  <testcase name="testQueryPersonInfo" classname="com.lb.StudentSystemApplicationTests" time="0.03"/>
  <testcase name="queryStudentByClassName" classname="com.lb.StudentSystemApplicationTests" time="0.051"/>
</testsuite>